<?xml version="1.0" encoding="UTF-8"?>
<testsuites name="lab04_TS" time="37.036" tests="7" failures="0" errors="0">
   <testsuite name="lab04_TS" tests="7" failures="0" errors="0" time="37.036" skipped="0" timestamp="21-03-2024T20:04:48" hostname="TienThanh - MSI" id="Test Suites/lab04_TS">
      <properties>
         <property name="deviceName" value=""/>
         <property name="devicePlatform" value=""/>
         <property name="logFolder" value="C:\\Users\\TienThanh\\git\\Lab04_KTNC\\Reports\\20240321_200445\\lab04_TS\\20240321_200445"/>
         <property name="logFiles" value="C:\\Users\\TienThanh\\git\\Lab04_KTNC\\Reports\\20240321_200445\\lab04_TS\\20240321_200445\\execution0.log"/>
         <property name="attachments" value=""/>
         <property name="hostName" value="TienThanh - MSI"/>
         <property name="os" value="Windows 11 64bit"/>
         <property name="katalonVersion" value="9.3.1.212"/>
         <property name="browser" value="Chrome 122.0.0.0"/>
         <property name="hostAddress" value="192.168.68.114"/>
         <property name="sessionId" value="5a9e55804c2b505e9c3e181408ca539b"/>
         <property name="seleniumVersion" value="3.141.59"/>
         <property name="proxyInformation" value="ProxyInformation { proxyOption=NO_PROXY, proxyServerType=HTTP, username=, password=********, proxyServerAddress=, proxyServerPort=0, executionList=&quot;&quot;, isApplyToDesiredCapabilities=true }"/>
         <property name="platform" value="Windows 11"/>
      </properties>
      <testcase name="Test Cases/lab04_TC" time="6.381" classname="Test Cases/lab04_TC" status="PASSED">
         <system-out><![CDATA[21-03-2024T20:04:49 - [TEST_CASE][PASSED] - Test Cases/lab04_TC: Test Cases/lab04_TC

21-03-2024T20:04:49 - [TEST_STEP][PASSED] - openBrowser(""): Browser is opened with url: ''

21-03-2024T20:04:49 - [MESSAGE][INFO] - Starting 'Chrome' driver

21-03-2024T20:04:49 - [MESSAGE][INFO] - Action delay is set to 0 milliseconds

21-03-2024T20:04:51 - [MESSAGE][PASSED] - Browser is opened with url: ''

21-03-2024T20:04:51 - [TEST_STEP][PASSED] - navigateToUrl("https://www.saucedemo.com/"): Navigate to 'https://www.saucedemo.com/' successfully

21-03-2024T20:04:51 - [MESSAGE][PASSED] - Navigate to 'https://www.saucedemo.com/' successfully

21-03-2024T20:04:51 - [TEST_STEP][PASSED] - setText(findTestObject("Object Repository/Page_Swag Labs/input_Swag Labs_user-name"), username): Text '' is set on object 'Object Repository/Page_Swag Labs/input_Swag Labs_user-name'

21-03-2024T20:04:54 - [MESSAGE][PASSED] - Text '' is set on object 'Object Repository/Page_Swag Labs/input_Swag Labs_user-name'

21-03-2024T20:04:54 - [TEST_STEP][PASSED] - setText(findTestObject("Object Repository/Page_Swag Labs/input_Swag Labs_password"), password): Text 'secret_sauce' is set on object 'Object Repository/Page_Swag Labs/input_Swag Labs_password'

21-03-2024T20:04:54 - [MESSAGE][PASSED] - Text 'secret_sauce' is set on object 'Object Repository/Page_Swag Labs/input_Swag Labs_password'

21-03-2024T20:04:54 - [TEST_STEP][PASSED] - click(findTestObject("Object Repository/Page_Swag Labs/input_Swag Labs_login-button")): Object: 'Object Repository/Page_Swag Labs/input_Swag Labs_login-button' is clicked on

21-03-2024T20:04:55 - [MESSAGE][PASSED] - Object: 'Object Repository/Page_Swag Labs/input_Swag Labs_login-button' is clicked on

21-03-2024T20:04:55 - [TEST_STEP][PASSED] - closeBrowser(): Browser is closed

21-03-2024T20:04:55 - [MESSAGE][PASSED] - Browser is closed]]></system-out>
         <system-err><![CDATA[]]></system-err>
      </testcase>
      <testcase name="Test Cases/lab04_TC" time="4.687" classname="Test Cases/lab04_TC" status="PASSED">
         <system-out><![CDATA[21-03-2024T20:04:55 - [TEST_CASE][PASSED] - Test Cases/lab04_TC: Test Cases/lab04_TC

21-03-2024T20:04:55 - [TEST_STEP][PASSED] - openBrowser(""): Browser is opened with url: ''

21-03-2024T20:04:55 - [MESSAGE][INFO] - Starting 'Chrome' driver

21-03-2024T20:04:55 - [MESSAGE][INFO] - Action delay is set to 0 milliseconds

21-03-2024T20:04:56 - [MESSAGE][PASSED] - Browser is opened with url: ''

21-03-2024T20:04:56 - [TEST_STEP][PASSED] - navigateToUrl("https://www.saucedemo.com/"): Navigate to 'https://www.saucedemo.com/' successfully

21-03-2024T20:04:56 - [MESSAGE][PASSED] - Navigate to 'https://www.saucedemo.com/' successfully

21-03-2024T20:04:56 - [TEST_STEP][PASSED] - setText(findTestObject("Object Repository/Page_Swag Labs/input_Swag Labs_user-name"), username): Text 'standard_user' is set on object 'Object Repository/Page_Swag Labs/input_Swag Labs_user-name'

21-03-2024T20:04:59 - [MESSAGE][PASSED] - Text 'standard_user' is set on object 'Object Repository/Page_Swag Labs/input_Swag Labs_user-name'

21-03-2024T20:04:59 - [TEST_STEP][PASSED] - setText(findTestObject("Object Repository/Page_Swag Labs/input_Swag Labs_password"), password): Text '' is set on object 'Object Repository/Page_Swag Labs/input_Swag Labs_password'

21-03-2024T20:04:59 - [MESSAGE][PASSED] - Text '' is set on object 'Object Repository/Page_Swag Labs/input_Swag Labs_password'

21-03-2024T20:04:59 - [TEST_STEP][PASSED] - click(findTestObject("Object Repository/Page_Swag Labs/input_Swag Labs_login-button")): Object: 'Object Repository/Page_Swag Labs/input_Swag Labs_login-button' is clicked on

21-03-2024T20:05:00 - [MESSAGE][PASSED] - Object: 'Object Repository/Page_Swag Labs/input_Swag Labs_login-button' is clicked on

21-03-2024T20:05:00 - [TEST_STEP][PASSED] - closeBrowser(): Browser is closed

21-03-2024T20:05:00 - [MESSAGE][PASSED] - Browser is closed]]></system-out>
         <system-err><![CDATA[]]></system-err>
      </testcase>
      <testcase name="Test Cases/lab04_TC" time="4.933" classname="Test Cases/lab04_TC" status="PASSED">
         <system-out><![CDATA[21-03-2024T20:05:00 - [TEST_CASE][PASSED] - Test Cases/lab04_TC: Test Cases/lab04_TC

21-03-2024T20:05:00 - [TEST_STEP][PASSED] - openBrowser(""): Browser is opened with url: ''

21-03-2024T20:05:00 - [MESSAGE][INFO] - Starting 'Chrome' driver

21-03-2024T20:05:00 - [MESSAGE][INFO] - Action delay is set to 0 milliseconds

21-03-2024T20:05:00 - [MESSAGE][PASSED] - Browser is opened with url: ''

21-03-2024T20:05:00 - [TEST_STEP][PASSED] - navigateToUrl("https://www.saucedemo.com/"): Navigate to 'https://www.saucedemo.com/' successfully

21-03-2024T20:05:01 - [MESSAGE][PASSED] - Navigate to 'https://www.saucedemo.com/' successfully

21-03-2024T20:05:01 - [TEST_STEP][PASSED] - setText(findTestObject("Object Repository/Page_Swag Labs/input_Swag Labs_user-name"), username): Text '' is set on object 'Object Repository/Page_Swag Labs/input_Swag Labs_user-name'

21-03-2024T20:05:04 - [MESSAGE][PASSED] - Text '' is set on object 'Object Repository/Page_Swag Labs/input_Swag Labs_user-name'

21-03-2024T20:05:04 - [TEST_STEP][PASSED] - setText(findTestObject("Object Repository/Page_Swag Labs/input_Swag Labs_password"), password): Text '' is set on object 'Object Repository/Page_Swag Labs/input_Swag Labs_password'

21-03-2024T20:05:04 - [MESSAGE][PASSED] - Text '' is set on object 'Object Repository/Page_Swag Labs/input_Swag Labs_password'

21-03-2024T20:05:04 - [TEST_STEP][PASSED] - click(findTestObject("Object Repository/Page_Swag Labs/input_Swag Labs_login-button")): Object: 'Object Repository/Page_Swag Labs/input_Swag Labs_login-button' is clicked on

21-03-2024T20:05:04 - [MESSAGE][PASSED] - Object: 'Object Repository/Page_Swag Labs/input_Swag Labs_login-button' is clicked on

21-03-2024T20:05:04 - [TEST_STEP][PASSED] - closeBrowser(): Browser is closed

21-03-2024T20:05:05 - [MESSAGE][PASSED] - Browser is closed]]></system-out>
         <system-err><![CDATA[]]></system-err>
      </testcase>
      <testcase name="Test Cases/lab04_TC" time="5.198" classname="Test Cases/lab04_TC" status="PASSED">
         <system-out><![CDATA[21-03-2024T20:05:05 - [TEST_CASE][PASSED] - Test Cases/lab04_TC: Test Cases/lab04_TC

21-03-2024T20:05:05 - [TEST_STEP][PASSED] - openBrowser(""): Browser is opened with url: ''

21-03-2024T20:05:05 - [MESSAGE][INFO] - Starting 'Chrome' driver

21-03-2024T20:05:05 - [MESSAGE][INFO] - Action delay is set to 0 milliseconds

21-03-2024T20:05:05 - [MESSAGE][PASSED] - Browser is opened with url: ''

21-03-2024T20:05:05 - [TEST_STEP][PASSED] - navigateToUrl("https://www.saucedemo.com/"): Navigate to 'https://www.saucedemo.com/' successfully

21-03-2024T20:05:06 - [MESSAGE][PASSED] - Navigate to 'https://www.saucedemo.com/' successfully

21-03-2024T20:05:06 - [TEST_STEP][PASSED] - setText(findTestObject("Object Repository/Page_Swag Labs/input_Swag Labs_user-name"), username): Text 'incorrect' is set on object 'Object Repository/Page_Swag Labs/input_Swag Labs_user-name'

21-03-2024T20:05:09 - [MESSAGE][PASSED] - Text 'incorrect' is set on object 'Object Repository/Page_Swag Labs/input_Swag Labs_user-name'

21-03-2024T20:05:09 - [TEST_STEP][PASSED] - setText(findTestObject("Object Repository/Page_Swag Labs/input_Swag Labs_password"), password): Text 'secret_sauce' is set on object 'Object Repository/Page_Swag Labs/input_Swag Labs_password'

21-03-2024T20:05:09 - [MESSAGE][PASSED] - Text 'secret_sauce' is set on object 'Object Repository/Page_Swag Labs/input_Swag Labs_password'

21-03-2024T20:05:09 - [TEST_STEP][PASSED] - click(findTestObject("Object Repository/Page_Swag Labs/input_Swag Labs_login-button")): Object: 'Object Repository/Page_Swag Labs/input_Swag Labs_login-button' is clicked on

21-03-2024T20:05:10 - [MESSAGE][PASSED] - Object: 'Object Repository/Page_Swag Labs/input_Swag Labs_login-button' is clicked on

21-03-2024T20:05:10 - [TEST_STEP][PASSED] - closeBrowser(): Browser is closed

21-03-2024T20:05:10 - [MESSAGE][PASSED] - Browser is closed]]></system-out>
         <system-err><![CDATA[]]></system-err>
      </testcase>
      <testcase name="Test Cases/lab04_TC" time="4.694" classname="Test Cases/lab04_TC" status="PASSED">
         <system-out><![CDATA[21-03-2024T20:05:10 - [TEST_CASE][PASSED] - Test Cases/lab04_TC: Test Cases/lab04_TC

21-03-2024T20:05:10 - [TEST_STEP][PASSED] - openBrowser(""): Browser is opened with url: ''

21-03-2024T20:05:10 - [MESSAGE][INFO] - Starting 'Chrome' driver

21-03-2024T20:05:10 - [MESSAGE][INFO] - Action delay is set to 0 milliseconds

21-03-2024T20:05:11 - [MESSAGE][PASSED] - Browser is opened with url: ''

21-03-2024T20:05:11 - [TEST_STEP][PASSED] - navigateToUrl("https://www.saucedemo.com/"): Navigate to 'https://www.saucedemo.com/' successfully

21-03-2024T20:05:11 - [MESSAGE][PASSED] - Navigate to 'https://www.saucedemo.com/' successfully

21-03-2024T20:05:11 - [TEST_STEP][PASSED] - setText(findTestObject("Object Repository/Page_Swag Labs/input_Swag Labs_user-name"), username): Text 'standard_user' is set on object 'Object Repository/Page_Swag Labs/input_Swag Labs_user-name'

21-03-2024T20:05:14 - [MESSAGE][PASSED] - Text 'standard_user' is set on object 'Object Repository/Page_Swag Labs/input_Swag Labs_user-name'

21-03-2024T20:05:14 - [TEST_STEP][PASSED] - setText(findTestObject("Object Repository/Page_Swag Labs/input_Swag Labs_password"), password): Text 'incorrect' is set on object 'Object Repository/Page_Swag Labs/input_Swag Labs_password'

21-03-2024T20:05:14 - [MESSAGE][PASSED] - Text 'incorrect' is set on object 'Object Repository/Page_Swag Labs/input_Swag Labs_password'

21-03-2024T20:05:14 - [TEST_STEP][PASSED] - click(findTestObject("Object Repository/Page_Swag Labs/input_Swag Labs_login-button")): Object: 'Object Repository/Page_Swag Labs/input_Swag Labs_login-button' is clicked on

21-03-2024T20:05:14 - [MESSAGE][PASSED] - Object: 'Object Repository/Page_Swag Labs/input_Swag Labs_login-button' is clicked on

21-03-2024T20:05:14 - [TEST_STEP][PASSED] - closeBrowser(): Browser is closed

21-03-2024T20:05:15 - [MESSAGE][PASSED] - Browser is closed]]></system-out>
         <system-err><![CDATA[]]></system-err>
      </testcase>
      <testcase name="Test Cases/lab04_TC" time="5.211" classname="Test Cases/lab04_TC" status="PASSED">
         <system-out><![CDATA[21-03-2024T20:05:15 - [TEST_CASE][PASSED] - Test Cases/lab04_TC: Test Cases/lab04_TC

21-03-2024T20:05:15 - [TEST_STEP][PASSED] - openBrowser(""): Browser is opened with url: ''

21-03-2024T20:05:15 - [MESSAGE][INFO] - Starting 'Chrome' driver

21-03-2024T20:05:15 - [MESSAGE][INFO] - Action delay is set to 0 milliseconds

21-03-2024T20:05:15 - [MESSAGE][PASSED] - Browser is opened with url: ''

21-03-2024T20:05:15 - [TEST_STEP][PASSED] - navigateToUrl("https://www.saucedemo.com/"): Navigate to 'https://www.saucedemo.com/' successfully

21-03-2024T20:05:16 - [MESSAGE][PASSED] - Navigate to 'https://www.saucedemo.com/' successfully

21-03-2024T20:05:16 - [TEST_STEP][PASSED] - setText(findTestObject("Object Repository/Page_Swag Labs/input_Swag Labs_user-name"), username): Text 'incorrect' is set on object 'Object Repository/Page_Swag Labs/input_Swag Labs_user-name'

21-03-2024T20:05:19 - [MESSAGE][PASSED] - Text 'incorrect' is set on object 'Object Repository/Page_Swag Labs/input_Swag Labs_user-name'

21-03-2024T20:05:19 - [TEST_STEP][PASSED] - setText(findTestObject("Object Repository/Page_Swag Labs/input_Swag Labs_password"), password): Text 'incorrect' is set on object 'Object Repository/Page_Swag Labs/input_Swag Labs_password'

21-03-2024T20:05:19 - [MESSAGE][PASSED] - Text 'incorrect' is set on object 'Object Repository/Page_Swag Labs/input_Swag Labs_password'

21-03-2024T20:05:19 - [TEST_STEP][PASSED] - click(findTestObject("Object Repository/Page_Swag Labs/input_Swag Labs_login-button")): Object: 'Object Repository/Page_Swag Labs/input_Swag Labs_login-button' is clicked on

21-03-2024T20:05:20 - [MESSAGE][PASSED] - Object: 'Object Repository/Page_Swag Labs/input_Swag Labs_login-button' is clicked on

21-03-2024T20:05:20 - [TEST_STEP][PASSED] - closeBrowser(): Browser is closed

21-03-2024T20:05:20 - [MESSAGE][PASSED] - Browser is closed]]></system-out>
         <system-err><![CDATA[]]></system-err>
      </testcase>
      <testcase name="Test Cases/lab04_TC" time="5.651" classname="Test Cases/lab04_TC" status="PASSED">
         <system-out><![CDATA[21-03-2024T20:05:20 - [TEST_CASE][PASSED] - Test Cases/lab04_TC: Test Cases/lab04_TC

21-03-2024T20:05:20 - [TEST_STEP][PASSED] - openBrowser(""): Browser is opened with url: ''

21-03-2024T20:05:20 - [MESSAGE][INFO] - Starting 'Chrome' driver

21-03-2024T20:05:20 - [MESSAGE][INFO] - Action delay is set to 0 milliseconds

21-03-2024T20:05:21 - [MESSAGE][PASSED] - Browser is opened with url: ''

21-03-2024T20:05:21 - [TEST_STEP][PASSED] - navigateToUrl("https://www.saucedemo.com/"): Navigate to 'https://www.saucedemo.com/' successfully

21-03-2024T20:05:22 - [MESSAGE][PASSED] - Navigate to 'https://www.saucedemo.com/' successfully

21-03-2024T20:05:22 - [TEST_STEP][PASSED] - setText(findTestObject("Object Repository/Page_Swag Labs/input_Swag Labs_user-name"), username): Text 'incorrect' is set on object 'Object Repository/Page_Swag Labs/input_Swag Labs_user-name'

21-03-2024T20:05:24 - [MESSAGE][PASSED] - Text 'incorrect' is set on object 'Object Repository/Page_Swag Labs/input_Swag Labs_user-name'

21-03-2024T20:05:24 - [TEST_STEP][PASSED] - setText(findTestObject("Object Repository/Page_Swag Labs/input_Swag Labs_password"), password): Text 'secret_sauce' is set on object 'Object Repository/Page_Swag Labs/input_Swag Labs_password'

21-03-2024T20:05:25 - [MESSAGE][PASSED] - Text 'secret_sauce' is set on object 'Object Repository/Page_Swag Labs/input_Swag Labs_password'

21-03-2024T20:05:25 - [TEST_STEP][PASSED] - click(findTestObject("Object Repository/Page_Swag Labs/input_Swag Labs_login-button")): Object: 'Object Repository/Page_Swag Labs/input_Swag Labs_login-button' is clicked on

21-03-2024T20:05:25 - [MESSAGE][PASSED] - Object: 'Object Repository/Page_Swag Labs/input_Swag Labs_login-button' is clicked on

21-03-2024T20:05:25 - [TEST_STEP][PASSED] - closeBrowser(): Browser is closed

21-03-2024T20:05:25 - [MESSAGE][PASSED] - Browser is closed]]></system-out>
         <system-err><![CDATA[]]></system-err>
      </testcase>
      <system-out><![CDATA[21-03-2024T20:04:48 - [TEST_SUITE][PASSED] - lab04_TS: Test Cases/lab04_TC]]></system-out>
      <system-err><![CDATA[]]></system-err>
   </testsuite>
</testsuites>
